
> zenbudget@0.0.0 build
> tsc -b && vite build

src/features/analysis/components/ZenCategoryFlow.tsx(33,31): error TS2345: Argument of type 'unknown' is not assignable to parameter of type 'number'.
src/features/analysis/components/ZenCategoryFlow.tsx(34,44): error TS2769: No overload matches this call.
  Overload 1 of 3, '(callbackfn: (previousValue: unknown, currentValue: unknown, currentIndex: number, array: unknown[]) => unknown, initialValue: unknown): unknown', gave the following error.
    Argument of type '(a: number, b: number) => number' is not assignable to parameter of type '(previousValue: unknown, currentValue: unknown, currentIndex: number, array: unknown[]) => unknown'.
      Types of parameters 'a' and 'previousValue' are incompatible.
        Type 'unknown' is not assignable to type 'number'.
  Overload 2 of 3, '(callbackfn: (previousValue: number, currentValue: unknown, currentIndex: number, array: unknown[]) => number, initialValue: number): number', gave the following error.
    Argument of type '(a: number, b: number) => number' is not assignable to parameter of type '(previousValue: number, currentValue: unknown, currentIndex: number, array: unknown[]) => number'.
      Types of parameters 'b' and 'currentValue' are incompatible.
        Type 'unknown' is not assignable to type 'number'.
src/features/dashboard/components/FeedProjectModal.tsx(3,13): error TS6133: 'Save' is declared but its value is never read.
src/features/dashboard/components/ProjectCard.test.tsx(4,1): error TS6133: 'React' is declared but its value is never read.
src/features/dashboard/components/TransactionFilters.test.tsx(36,17): error TS2740: Type '{ searchQuery: string; setSearchQuery: Mock<Procedure>; selectedCategoryIds: never[]; setSelectedCategoryIds: Mock<Procedure>; categories: { id: string; ... 6 more ...; created_at: string; }[]; showFilters: boolean; setShowFilters: Mock<...>; }' is missing the following properties from type 'TransactionFiltersProps': search, onSearchChange, categoryId, onCategoryChange, and 2 more.
src/features/dashboard/components/TransactionFilters.test.tsx(41,17): error TS2740: Type '{ searchQuery: string; setSearchQuery: Mock<Procedure>; selectedCategoryIds: never[]; setSelectedCategoryIds: Mock<Procedure>; categories: { id: string; ... 6 more ...; created_at: string; }[]; showFilters: boolean; setShowFilters: Mock<...>; }' is missing the following properties from type 'TransactionFiltersProps': search, onSearchChange, categoryId, onCategoryChange, and 2 more.
src/features/dashboard/components/TransactionFilters.test.tsx(48,17): error TS2740: Type '{ searchQuery: string; setSearchQuery: Mock<Procedure>; selectedCategoryIds: never[]; setSelectedCategoryIds: Mock<Procedure>; categories: { id: string; ... 6 more ...; created_at: string; }[]; showFilters: boolean; setShowFilters: Mock<...>; }' is missing the following properties from type 'TransactionFiltersProps': search, onSearchChange, categoryId, onCategoryChange, and 2 more.
src/features/dashboard/components/TransactionFilters.test.tsx(63,17): error TS2740: Type '{ searchQuery: string; setSearchQuery: Mock<Procedure>; selectedCategoryIds: never[]; setSelectedCategoryIds: Mock<Procedure>; categories: { id: string; ... 6 more ...; created_at: string; }[]; showFilters: boolean; setShowFilters: Mock<...>; }' is missing the following properties from type 'TransactionFiltersProps': search, onSearchChange, categoryId, onCategoryChange, and 2 more.
src/features/dashboard/components/TransactionFilters.test.tsx(72,17): error TS2740: Type '{ searchQuery: string; setSearchQuery: Mock<Procedure>; selectedCategoryIds: never[]; setSelectedCategoryIds: Mock<Procedure>; categories: { id: string; ... 6 more ...; created_at: string; }[]; showFilters: boolean; setShowFilters: Mock<...>; }' is missing the following properties from type 'TransactionFiltersProps': search, onSearchChange, categoryId, onCategoryChange, and 2 more.
src/features/dashboard/components/TransactionModal.test.tsx(6,1): error TS6133: 'React' is declared but its value is never read.
src/features/dashboard/components/ZenGauge.test.tsx(4,1): error TS6133: 'React' is declared but its value is never read.
src/features/inbox/components/TransactionCard.test.tsx(4,1): error TS6133: 'React' is declared but its value is never read.
src/features/inbox/components/TransactionStack.test.tsx(5,1): error TS6133: 'React' is declared but its value is never read.
src/features/inbox/components/ZenSuccessState.test.tsx(4,1): error TS6133: 'React' is declared but its value is never read.
src/services/patternService.test.ts(1,48): error TS6133: 'afterEach' is declared but its value is never read.
vite.config.ts(12,3): error TS2769: No overload matches this call.
  The last overload gave the following error.
    Object literal may only specify known properties, and 'test' does not exist in type 'UserConfigExport'.
